make --dry-run --always-make --keep-going --print-directory
make: Entering directory '/home/marcius/Workspace/criogenio/camp_sur_cpp'
echo "==== Building raylib (debug_x64) ===="
make --no-print-directory -C raylib-master -f Makefile config=debug_x64
echo Creating obj/x64/Debug
mkdir -p obj/x64/Debug
echo "raudio.c"
gcc   -MD -MP -DDEBUG -DPLATFORM_DESKTOP -DGRAPHICS_API_OPENGL_33 -D_GLFW_X11 -D_GNU_SOURCE -DGLFW_LINUX_ENABLE_WAYLAND=TRUE -Isrc -Isrc/external/glfw/include -m64 -g -std=c23  -o "obj/x64/Debug/raudio.o" -MF "obj/x64/Debug/raudio.d" -c "src/raudio.c"
echo "rcore.c"
gcc   -MD -MP -DDEBUG -DPLATFORM_DESKTOP -DGRAPHICS_API_OPENGL_33 -D_GLFW_X11 -D_GNU_SOURCE -DGLFW_LINUX_ENABLE_WAYLAND=TRUE -Isrc -Isrc/external/glfw/include -m64 -g -std=c23  -o "obj/x64/Debug/rcore.o" -MF "obj/x64/Debug/rcore.d" -c "src/rcore.c"
echo "rglfw.c"
gcc   -MD -MP -DDEBUG -DPLATFORM_DESKTOP -DGRAPHICS_API_OPENGL_33 -D_GLFW_X11 -D_GNU_SOURCE -DGLFW_LINUX_ENABLE_WAYLAND=TRUE -Isrc -Isrc/external/glfw/include -m64 -g -std=c23  -o "obj/x64/Debug/rglfw.o" -MF "obj/x64/Debug/rglfw.d" -c "src/rglfw.c"
echo "rmodels.c"
gcc   -MD -MP -DDEBUG -DPLATFORM_DESKTOP -DGRAPHICS_API_OPENGL_33 -D_GLFW_X11 -D_GNU_SOURCE -DGLFW_LINUX_ENABLE_WAYLAND=TRUE -Isrc -Isrc/external/glfw/include -m64 -g -std=c23  -o "obj/x64/Debug/rmodels.o" -MF "obj/x64/Debug/rmodels.d" -c "src/rmodels.c"
echo "rshapes.c"
gcc   -MD -MP -DDEBUG -DPLATFORM_DESKTOP -DGRAPHICS_API_OPENGL_33 -D_GLFW_X11 -D_GNU_SOURCE -DGLFW_LINUX_ENABLE_WAYLAND=TRUE -Isrc -Isrc/external/glfw/include -m64 -g -std=c23  -o "obj/x64/Debug/rshapes.o" -MF "obj/x64/Debug/rshapes.d" -c "src/rshapes.c"
echo "rtext.c"
gcc   -MD -MP -DDEBUG -DPLATFORM_DESKTOP -DGRAPHICS_API_OPENGL_33 -D_GLFW_X11 -D_GNU_SOURCE -DGLFW_LINUX_ENABLE_WAYLAND=TRUE -Isrc -Isrc/external/glfw/include -m64 -g -std=c23  -o "obj/x64/Debug/rtext.o" -MF "obj/x64/Debug/rtext.d" -c "src/rtext.c"
echo "rtextures.c"
gcc   -MD -MP -DDEBUG -DPLATFORM_DESKTOP -DGRAPHICS_API_OPENGL_33 -D_GLFW_X11 -D_GNU_SOURCE -DGLFW_LINUX_ENABLE_WAYLAND=TRUE -Isrc -Isrc/external/glfw/include -m64 -g -std=c23  -o "obj/x64/Debug/rtextures.o" -MF "obj/x64/Debug/rtextures.d" -c "src/rtextures.c"
echo "utils.c"
gcc   -MD -MP -DDEBUG -DPLATFORM_DESKTOP -DGRAPHICS_API_OPENGL_33 -D_GLFW_X11 -D_GNU_SOURCE -DGLFW_LINUX_ENABLE_WAYLAND=TRUE -Isrc -Isrc/external/glfw/include -m64 -g -std=c23  -o "obj/x64/Debug/utils.o" -MF "obj/x64/Debug/utils.d" -c "src/utils.c"
echo Creating ../bin/Debug
mkdir -p ../bin/Debug
echo Linking raylib
ar -rcs "../bin/Debug/libraylib.a" obj/x64/Debug/raudio.o obj/x64/Debug/rcore.o obj/x64/Debug/rglfw.o obj/x64/Debug/rmodels.o obj/x64/Debug/rshapes.o obj/x64/Debug/rtext.o obj/x64/Debug/rtextures.o obj/x64/Debug/utils.o
:
echo "==== Building raygui (debug_x64) ===="
make --no-print-directory -C raygui-master -f Makefile config=debug_x64
echo Creating obj/x64/Debug
mkdir -p obj/x64/Debug
echo "raudio.c"
gcc   -MD -MP -DDEBUG -DPLATFORM_DESKTOP -DGRAPHICS_API_OPENGL_33 -D_GLFW_X11 -D_GNU_SOURCE -I. -m64 -fPIC -g -std=c23  -o "obj/x64/Debug/raudio.o" -MF "obj/x64/Debug/raudio.d" -c "../raylib-master/src/raudio.c"
echo "rcore.c"
gcc   -MD -MP -DDEBUG -DPLATFORM_DESKTOP -DGRAPHICS_API_OPENGL_33 -D_GLFW_X11 -D_GNU_SOURCE -I. -m64 -fPIC -g -std=c23  -o "obj/x64/Debug/rcore.o" -MF "obj/x64/Debug/rcore.d" -c "../raylib-master/src/rcore.c"
echo "rglfw.c"
gcc   -MD -MP -DDEBUG -DPLATFORM_DESKTOP -DGRAPHICS_API_OPENGL_33 -D_GLFW_X11 -D_GNU_SOURCE -I. -m64 -fPIC -g -std=c23  -o "obj/x64/Debug/rglfw.o" -MF "obj/x64/Debug/rglfw.d" -c "../raylib-master/src/rglfw.c"
echo "rmodels.c"
gcc   -MD -MP -DDEBUG -DPLATFORM_DESKTOP -DGRAPHICS_API_OPENGL_33 -D_GLFW_X11 -D_GNU_SOURCE -I. -m64 -fPIC -g -std=c23  -o "obj/x64/Debug/rmodels.o" -MF "obj/x64/Debug/rmodels.d" -c "../raylib-master/src/rmodels.c"
echo "rshapes.c"
gcc   -MD -MP -DDEBUG -DPLATFORM_DESKTOP -DGRAPHICS_API_OPENGL_33 -D_GLFW_X11 -D_GNU_SOURCE -I. -m64 -fPIC -g -std=c23  -o "obj/x64/Debug/rshapes.o" -MF "obj/x64/Debug/rshapes.d" -c "../raylib-master/src/rshapes.c"
echo "rtext.c"
gcc   -MD -MP -DDEBUG -DPLATFORM_DESKTOP -DGRAPHICS_API_OPENGL_33 -D_GLFW_X11 -D_GNU_SOURCE -I. -m64 -fPIC -g -std=c23  -o "obj/x64/Debug/rtext.o" -MF "obj/x64/Debug/rtext.d" -c "../raylib-master/src/rtext.c"
echo "rtextures.c"
gcc   -MD -MP -DDEBUG -DPLATFORM_DESKTOP -DGRAPHICS_API_OPENGL_33 -D_GLFW_X11 -D_GNU_SOURCE -I. -m64 -fPIC -g -std=c23  -o "obj/x64/Debug/rtextures.o" -MF "obj/x64/Debug/rtextures.d" -c "../raylib-master/src/rtextures.c"
echo "utils.c"
gcc   -MD -MP -DDEBUG -DPLATFORM_DESKTOP -DGRAPHICS_API_OPENGL_33 -D_GLFW_X11 -D_GNU_SOURCE -I. -m64 -fPIC -g -std=c23  -o "obj/x64/Debug/utils.o" -MF "obj/x64/Debug/utils.d" -c "../raylib-master/src/utils.c"
echo Creating ../bin/Debug
mkdir -p ../bin/Debug
echo Linking raygui
ar -rcs "../bin/Debug/libraygui.a" obj/x64/Debug/raudio.o obj/x64/Debug/rcore.o obj/x64/Debug/rglfw.o obj/x64/Debug/rmodels.o obj/x64/Debug/rshapes.o obj/x64/Debug/rtext.o obj/x64/Debug/rtextures.o obj/x64/Debug/utils.o
:
echo "==== Building engine (debug_x64) ===="
make --no-print-directory -C engine -f Makefile config=debug_x64
echo Creating obj/x64/Debug
mkdir -p obj/x64/Debug
echo "engine.cpp"
g++   -MD -MP -DDEBUG -DPLATFORM_DESKTOP -DGRAPHICS_API_OPENGL_33 -D_GLFW_X11 -D_GNU_SOURCE -I. -Isrc -Iinclude -I../raylib-master/src -I../raylib-master/src/external -I../raylib-master/src/external/glfw/include -m64 -g -std=c++23  -o "obj/x64/Debug/engine.o" -MF "obj/x64/Debug/engine.d" -c "src/engine.cpp"
echo "entity.cpp"
g++   -MD -MP -DDEBUG -DPLATFORM_DESKTOP -DGRAPHICS_API_OPENGL_33 -D_GLFW_X11 -D_GNU_SOURCE -I. -Isrc -Iinclude -I../raylib-master/src -I../raylib-master/src/external -I../raylib-master/src/external/glfw/include -m64 -g -std=c++23  -o "obj/x64/Debug/entity.o" -MF "obj/x64/Debug/entity.d" -c "src/entity.cpp"
echo "event.cpp"
g++   -MD -MP -DDEBUG -DPLATFORM_DESKTOP -DGRAPHICS_API_OPENGL_33 -D_GLFW_X11 -D_GNU_SOURCE -I. -Isrc -Iinclude -I../raylib-master/src -I../raylib-master/src/external -I../raylib-master/src/external/glfw/include -m64 -g -std=c++23  -o "obj/x64/Debug/event.o" -MF "obj/x64/Debug/event.d" -c "src/event.cpp"
echo "input.cpp"
g++   -MD -MP -DDEBUG -DPLATFORM_DESKTOP -DGRAPHICS_API_OPENGL_33 -D_GLFW_X11 -D_GNU_SOURCE -I. -Isrc -Iinclude -I../raylib-master/src -I../raylib-master/src/external -I../raylib-master/src/external/glfw/include -m64 -g -std=c++23  -o "obj/x64/Debug/input.o" -MF "obj/x64/Debug/input.d" -c "src/input.cpp"
echo "render.cpp"
g++   -MD -MP -DDEBUG -DPLATFORM_DESKTOP -DGRAPHICS_API_OPENGL_33 -D_GLFW_X11 -D_GNU_SOURCE -I. -Isrc -Iinclude -I../raylib-master/src -I../raylib-master/src/external -I../raylib-master/src/external/glfw/include -m64 -g -std=c++23  -o "obj/x64/Debug/render.o" -MF "obj/x64/Debug/render.d" -c "render.cpp"
echo "scene.cpp"
g++   -MD -MP -DDEBUG -DPLATFORM_DESKTOP -DGRAPHICS_API_OPENGL_33 -D_GLFW_X11 -D_GNU_SOURCE -I. -Isrc -Iinclude -I../raylib-master/src -I../raylib-master/src/external -I../raylib-master/src/external/glfw/include -m64 -g -std=c++23  -o "obj/x64/Debug/scene.o" -MF "obj/x64/Debug/scene.d" -c "src/scene.cpp"
echo "system.cpp"
g++   -MD -MP -DDEBUG -DPLATFORM_DESKTOP -DGRAPHICS_API_OPENGL_33 -D_GLFW_X11 -D_GNU_SOURCE -I. -Isrc -Iinclude -I../raylib-master/src -I../raylib-master/src/external -I../raylib-master/src/external/glfw/include -m64 -g -std=c++23  -o "obj/x64/Debug/system.o" -MF "obj/x64/Debug/system.d" -c "src/system.cpp"
echo "terrain.cpp"
g++   -MD -MP -DDEBUG -DPLATFORM_DESKTOP -DGRAPHICS_API_OPENGL_33 -D_GLFW_X11 -D_GNU_SOURCE -I. -Isrc -Iinclude -I../raylib-master/src -I../raylib-master/src/external -I../raylib-master/src/external/glfw/include -m64 -g -std=c++23  -o "obj/x64/Debug/terrain.o" -MF "obj/x64/Debug/terrain.d" -c "src/terrain.cpp"
echo "terrain_loader.cpp"
g++   -MD -MP -DDEBUG -DPLATFORM_DESKTOP -DGRAPHICS_API_OPENGL_33 -D_GLFW_X11 -D_GNU_SOURCE -I. -Isrc -Iinclude -I../raylib-master/src -I../raylib-master/src/external -I../raylib-master/src/external/glfw/include -m64 -g -std=c++23  -o "obj/x64/Debug/terrain_loader.o" -MF "obj/x64/Debug/terrain_loader.d" -c "src/terrain_loader.cpp"
echo Creating ../bin/Debug
mkdir -p ../bin/Debug
echo Linking engine
ar -rcs "../bin/Debug/libengine.a" obj/x64/Debug/engine.o obj/x64/Debug/entity.o obj/x64/Debug/event.o obj/x64/Debug/input.o obj/x64/Debug/render.o obj/x64/Debug/scene.o obj/x64/Debug/system.o obj/x64/Debug/terrain.o obj/x64/Debug/terrain_loader.o
:
echo "==== Building camp_sur_cpp (debug_x64) ===="
make --no-print-directory -C editor -f Makefile config=debug_x64
echo Creating obj/x64/Debug
mkdir -p obj/x64/Debug
echo "editor.cpp"
g++   -MD -MP -DDEBUG -D_GLIBCXX_ASSERTIONS -DPLATFORM_DESKTOP -DGRAPHICS_API_OPENGL_33 -D_GLFW_X11 -D_GNU_SOURCE -I../game -I../game/src -I../game/include -I../snakegame -I../snakegame/src -I../snakegame/include -I. -Isrc -Iinclude -I../engine/include -I../engine -I../raylib-master/src -I../raylib-master/src/external -I../raylib-master/src/external/glfw/include -Iraygui-master -Iraygui-masterbackends -Iraygui-mastermisc -Iraygui-mastermisccpp -m64 -O0 -g -std=c++23  -o "obj/x64/Debug/editor.o" -MF "obj/x64/Debug/editor.d" -c "src/editor.cpp"
echo "main.cpp"
g++   -MD -MP -DDEBUG -D_GLIBCXX_ASSERTIONS -DPLATFORM_DESKTOP -DGRAPHICS_API_OPENGL_33 -D_GLFW_X11 -D_GNU_SOURCE -I../game -I../game/src -I../game/include -I../snakegame -I../snakegame/src -I../snakegame/include -I. -Isrc -Iinclude -I../engine/include -I../engine -I../raylib-master/src -I../raylib-master/src/external -I../raylib-master/src/external/glfw/include -Iraygui-master -Iraygui-masterbackends -Iraygui-mastermisc -Iraygui-mastermisccpp -m64 -O0 -g -std=c++23  -o "obj/x64/Debug/main.o" -MF "obj/x64/Debug/main.d" -c "src/main.cpp"
echo "main.cpp"
g++   -MD -MP -DDEBUG -D_GLIBCXX_ASSERTIONS -DPLATFORM_DESKTOP -DGRAPHICS_API_OPENGL_33 -D_GLFW_X11 -D_GNU_SOURCE -I../game -I../game/src -I../game/include -I../snakegame -I../snakegame/src -I../snakegame/include -I. -Isrc -Iinclude -I../engine/include -I../engine -I../raylib-master/src -I../raylib-master/src/external -I../raylib-master/src/external/glfw/include -Iraygui-master -Iraygui-masterbackends -Iraygui-mastermisc -Iraygui-mastermisccpp -m64 -O0 -g -std=c++23  -o "obj/x64/Debug/main1.o" -MF "obj/x64/Debug/main1.d" -c "../snakegame/src/main.cpp"
echo "main.cpp"
g++   -MD -MP -DDEBUG -D_GLIBCXX_ASSERTIONS -DPLATFORM_DESKTOP -DGRAPHICS_API_OPENGL_33 -D_GLFW_X11 -D_GNU_SOURCE -I../game -I../game/src -I../game/include -I../snakegame -I../snakegame/src -I../snakegame/include -I. -Isrc -Iinclude -I../engine/include -I../engine -I../raylib-master/src -I../raylib-master/src/external -I../raylib-master/src/external/glfw/include -Iraygui-master -Iraygui-masterbackends -Iraygui-mastermisc -Iraygui-mastermisccpp -m64 -O0 -g -std=c++23  -o "obj/x64/Debug/main2.o" -MF "obj/x64/Debug/main2.d" -c "../game/src/main.cpp"
echo "snakecontroller.cpp"
g++   -MD -MP -DDEBUG -D_GLIBCXX_ASSERTIONS -DPLATFORM_DESKTOP -DGRAPHICS_API_OPENGL_33 -D_GLFW_X11 -D_GNU_SOURCE -I../game -I../game/src -I../game/include -I../snakegame -I../snakegame/src -I../snakegame/include -I. -Isrc -Iinclude -I../engine/include -I../engine -I../raylib-master/src -I../raylib-master/src/external -I../raylib-master/src/external/glfw/include -Iraygui-master -Iraygui-masterbackends -Iraygui-mastermisc -Iraygui-mastermisccpp -m64 -O0 -g -std=c++23  -o "obj/x64/Debug/snakecontroller.o" -MF "obj/x64/Debug/snakecontroller.d" -c "../snakegame/src/snakecontroller.cpp"
echo Creating ../bin/Debug
mkdir -p ../bin/Debug
echo Linking camp_sur_cpp
g++ -o "../bin/Debug/camp_sur_cpp" obj/x64/Debug/editor.o obj/x64/Debug/main.o obj/x64/Debug/main1.o obj/x64/Debug/main2.o obj/x64/Debug/snakecontroller.o   -L/usr/lib64 -m64 ../bin/Debug/libengine.a ../bin/Debug/libraylib.a ../bin/Debug/libraygui.a -lpthread -lm -ldl -lrt -lX11
:
make: Leaving directory '/home/marcius/Workspace/criogenio/camp_sur_cpp'
 
